<?xml version="1.0" encoding="UTF-8"?>
<!-- Generated by org.testng.reporters.JUnitReportReporter -->
<testsuite hostname="LAPTOP-V6VACEO9" failures="0" tests="13" name="com.mindtree.runner.BigSmall" time="111.954" errors="0" timestamp="2021-11-18T15:57:31 IST" skipped="0">
  <testcase classname="com.mindtree.runner.BigSmall" name="homePageLanding" time="8.720"/>
  <testcase classname="com.mindtree.runner.BigSmall" name="signInTesting" time="17.943"/>
  <testcase classname="com.mindtree.runner.BigSmall" name="signInTesting" time="10.532"/>
  <testcase classname="com.mindtree.runner.BigSmall" name="signInTesting" time="9.270"/>
  <testcase classname="com.mindtree.runner.BigSmall" name="PersonalGift" time="5.881"/>
  <testcase classname="com.mindtree.runner.BigSmall" name="selectProductTesting" time="6.178"/>
  <testcase classname="com.mindtree.runner.BigSmall" name="ChristmasGiftTesting" time="16.052"/>
  <testcase classname="com.mindtree.runner.BigSmall" name="ShopByCategoryTesting" time="8.684"/>
  <testcase classname="com.mindtree.runner.BigSmall" name="AllOfItTesting" time="5.060"/>
  <testcase classname="com.mindtree.runner.BigSmall" name="WishListTesting" time="6.687"/>
  <testcase classname="com.mindtree.runner.BigSmall" name="AboutUSTesting" time="1.938"/>
  <testcase classname="com.mindtree.runner.BigSmall" name="GiftCardTesting" time="7.459"/>
  <testcase classname="com.mindtree.runner.BigSmall" name="ContactUsTesting" time="7.550"/>
</testsuite> <!-- com.mindtree.runner.BigSmall -->
