<?xml version="1.0" encoding="UTF-8"?>
<!-- Generated by org.testng.reporters.JUnitReportReporter -->
<testsuite hostname="LAPTOP-V6VACEO9" failures="0" tests="13" name="com.mindtree.runner.BigSmall" time="121.525" errors="0" timestamp="2021-11-19T13:55:57 IST" skipped="0">
  <testcase classname="com.mindtree.runner.BigSmall" name="homePageLanding" time="14.957"/>
  <testcase classname="com.mindtree.runner.BigSmall" name="signInTesting" time="11.243"/>
  <testcase classname="com.mindtree.runner.BigSmall" name="signInTesting" time="14.151"/>
  <testcase classname="com.mindtree.runner.BigSmall" name="signInTesting" time="8.200"/>
  <testcase classname="com.mindtree.runner.BigSmall" name="PersonalGift" time="6.030"/>
  <testcase classname="com.mindtree.runner.BigSmall" name="selectProductTesting" time="5.913"/>
  <testcase classname="com.mindtree.runner.BigSmall" name="ChristmasGiftTesting" time="17.336"/>
  <testcase classname="com.mindtree.runner.BigSmall" name="ShopByCategoryTesting" time="11.494"/>
  <testcase classname="com.mindtree.runner.BigSmall" name="AllOfItTesting" time="6.330"/>
  <testcase classname="com.mindtree.runner.BigSmall" name="WishListTesting" time="7.467"/>
  <testcase classname="com.mindtree.runner.BigSmall" name="AboutUSTesting" time="2.275"/>
  <testcase classname="com.mindtree.runner.BigSmall" name="GiftCardTesting" time="7.821"/>
  <testcase classname="com.mindtree.runner.BigSmall" name="ContactUsTesting" time="8.308"/>
</testsuite> <!-- com.mindtree.runner.BigSmall -->
